<?xml version="1.0" encoding="UTF-8"?>
<!-- Generated by org.testng.reporters.JUnitReportReporter -->
<testsuite hostname="Priya" failures="0" tests="1" name="Page_FactoryTestNG.LoginTestNG" time="3.492" errors="0" timestamp="2023-02-23T17:08:40 EST" skipped="0">
  <testcase classname="Page_FactoryTestNG.LoginTestNG" name="login_ID" time="3.492"/>
  <system-out/>
</testsuite> <!-- Page_FactoryTestNG.LoginTestNG -->
