<?xml version="1.0" encoding="UTF-8"?>
<!-- Generated by org.testng.reporters.JUnitReportReporter -->
<testsuite hostname="Priya" failures="0" tests="1" name="Page_Factory.login_page" time="4.261" errors="0" timestamp="2023-02-22T14:47:59 EST" skipped="0">
  <testcase classname="Page_Factory.login_page" name="login_ID" time="4.261"/>
  <system-out/>
</testsuite> <!-- Page_Factory.login_page -->
