<?xml version="1.0" encoding="UTF-8"?>
<!-- Generated by org.testng.reporters.JUnitReportReporter -->
<testsuite hostname="Priya" failures="0" tests="5" name="runner.Test_runner" time="4.406" errors="3" timestamp="2023-02-26T09:23:03 EST" skipped="0">
  <testcase classname="runner.Test_runner" name="runScenario" time="0.015">
    <error message="Cannot invoke &quot;org.openqa.selenium.WebElement.click()&quot; because &quot;Page_Factory.Data_Structure.tryhere&quot; is null" type="java.lang.NullPointerException">
      <![CDATA[java.lang.NullPointerException: Cannot invoke "org.openqa.selenium.WebElement.click()" because "Page_Factory.Data_Structure.tryhere" is null
at Page_Factory.Data_Structure.tryhere(Data_Structure.java:39)
at Step_definition.DataStructureSD.the_user_clicks_try_here_button(DataStructureSD.java:50)
at ✽.The user clicks Try Here button(file:///C:/Users/priya/eclipse-workspace/Project_dsalgo/src/test/resources/features/02_DataStructure.feature:15)
]]>
    </error>
  </testcase> <!-- runScenario -->
  <system-out/>
  <testcase classname="runner.Test_runner" name="runScenario" time="0.041">
    <error message="Cannot invoke &quot;org.openqa.selenium.WebElement.click()&quot; because &quot;this.dataSbtn&quot; is null" type="java.lang.NullPointerException">
      <![CDATA[java.lang.NullPointerException: Cannot invoke "org.openqa.selenium.WebElement.click()" because "this.dataSbtn" is null
at Page_Factory.Data_Structure.getstartedDS(Data_Structure.java:31)
at Step_definition.DataStructureSD.the_user_clicks_get_started_button_below_the_data_structures_introduction(DataStructureSD.java:20)
at ✽.The user clicks  Get Started button below the Data structures-Introduction(file:///C:/Users/priya/eclipse-workspace/Project_dsalgo/src/test/resources/features/02_DataStructure.feature:5)
]]>
    </error>
  </testcase> <!-- runScenario -->
  <system-out/>
  <testcase classname="runner.Test_runner" name="runScenario" time="1.169"/>
  <system-out/>
  <testcase classname="runner.Test_runner" name="runScenario" time="0.013">
    <error message="Cannot invoke &quot;org.openqa.selenium.WebElement.click()&quot; because &quot;Page_Factory.Data_Structure.timeC&quot; is null" type="java.lang.NullPointerException">
      <![CDATA[java.lang.NullPointerException: Cannot invoke "org.openqa.selenium.WebElement.click()" because "Page_Factory.Data_Structure.timeC" is null
at Page_Factory.Data_Structure.timec(Data_Structure.java:35)
at Step_definition.DataStructureSD.the_user_clicks_time_complexity_button(DataStructureSD.java:35)
at ✽.The user clicks Time Complexity button(file:///C:/Users/priya/eclipse-workspace/Project_dsalgo/src/test/resources/features/02_DataStructure.feature:10)
]]>
    </error>
  </testcase> <!-- runScenario -->
  <system-out/>
  <testcase classname="runner.Test_runner" name="runScenario" time="3.168"/>
  <system-out/>
</testsuite> <!-- runner.Test_runner -->
