<?xml version="1.0" encoding="UTF-8"?>
<!-- Generated by org.testng.reporters.JUnitReportReporter -->
<testsuite hostname="Priya" failures="0" tests="1" name="DS_ALGO.login_page" time="3.818" errors="0" timestamp="2023-02-21T14:13:45 EST" skipped="0">
  <testcase classname="DS_ALGO.login_page" name="login_ID" time="3.818"/>
  <system-out/>
</testsuite> <!-- DS_ALGO.login_page -->
